0 info it worked if it ends with ok
1 verbose cli [ 'node',
1 verbose cli   '/usr/local/bin/npm',
1 verbose cli   'install',
1 verbose cli   'body-parse@1.0.2',
1 verbose cli   '--save' ]
2 info using npm@2.0.0
3 info using node@v0.10.32
4 warn package.json TaskTagServer@1.0.0 No README data
5 verbose readDependencies using package.json deps
6 verbose cache add [ 'body-parse@1.0.2', null ]
7 verbose cache add spec="body-parse@1.0.2" args=["body-parse@1.0.2",null]
8 verbose parsed spec { raw: 'body-parse@1.0.2',
8 verbose parsed spec   scope: null,
8 verbose parsed spec   name: 'body-parse',
8 verbose parsed spec   rawSpec: '1.0.2',
8 verbose parsed spec   spec: '1.0.2',
8 verbose parsed spec   type: 'version' }
9 verbose parsed spec { raw: 'body-parse@1.0.2',
9 verbose parsed spec   scope: null,
9 verbose parsed spec   name: 'body-parse',
9 verbose parsed spec   rawSpec: '1.0.2',
9 verbose parsed spec   spec: '1.0.2',
9 verbose parsed spec   type: 'version' }
10 verbose addNamed [ 'body-parse', '1.0.2' ]
11 verbose addNamed [ '1.0.2', '1.0.2' ]
12 silly lockFile eac8251d-body-parse-1-0-2 body-parse@1.0.2
13 verbose lock body-parse@1.0.2 /Users/mxing/.npm/eac8251d-body-parse-1-0-2.lock
14 verbose mapToRegistry name body-parse
15 verbose mapToRegistry uri https://registry.npmjs.org/body-parse
16 verbose request on initialization, where is /body-parse
17 verbose request after pass 1, where is /body-parse
18 verbose request url raw /body-parse
19 verbose request resolving registry [ 'https://registry.npmjs.org/', './body-parse' ]
20 verbose request after pass 2, where is https://registry.npmjs.org/body-parse
21 verbose request no auth needed
22 info attempt registry request try #1 at 16:13:00
23 verbose request id 75ab9d05dbbe39c6
24 http request GET https://registry.npmjs.org/body-parse
25 http 404 https://registry.npmjs.org/body-parse
26 verbose headers { date: 'Wed, 12 Nov 2014 00:13:00 GMT',
26 verbose headers   server: 'CouchDB/1.5.0 (Erlang OTP/R16B03)',
26 verbose headers   'content-type': 'application/json',
26 verbose headers   'cache-control': 'max-age=0',
26 verbose headers   'content-length': '52',
26 verbose headers   'accept-ranges': 'bytes',
26 verbose headers   via: '1.1 varnish',
26 verbose headers   age: '0',
26 verbose headers   'x-served-by': 'cache-lax1430-LAX',
26 verbose headers   'x-cache': 'MISS',
26 verbose headers   'x-cache-hits': '0',
26 verbose headers   'x-timer': 'S1415751180.861306,VS0,VE42',
26 verbose headers   'keep-alive': 'timeout=10, max=50',
26 verbose headers   connection: 'Keep-Alive' }
27 silly registry.get cb [ 404,
27 silly registry.get   { date: 'Wed, 12 Nov 2014 00:13:00 GMT',
27 silly registry.get     server: 'CouchDB/1.5.0 (Erlang OTP/R16B03)',
27 silly registry.get     'content-type': 'application/json',
27 silly registry.get     'cache-control': 'max-age=0',
27 silly registry.get     'content-length': '52',
27 silly registry.get     'accept-ranges': 'bytes',
27 silly registry.get     via: '1.1 varnish',
27 silly registry.get     age: '0',
27 silly registry.get     'x-served-by': 'cache-lax1430-LAX',
27 silly registry.get     'x-cache': 'MISS',
27 silly registry.get     'x-cache-hits': '0',
27 silly registry.get     'x-timer': 'S1415751180.861306,VS0,VE42',
27 silly registry.get     'keep-alive': 'timeout=10, max=50',
27 silly registry.get     connection: 'Keep-Alive' } ]
28 silly lockFile eac8251d-body-parse-1-0-2 body-parse@1.0.2
29 silly lockFile eac8251d-body-parse-1-0-2 body-parse@1.0.2
30 verbose stack Error: 404 Not Found: body-parse
30 verbose stack     at RegClient.<anonymous> (/usr/local/lib/node_modules/npm/node_modules/npm-registry-client/lib/request.js:259:14)
30 verbose stack     at Request._callback (/usr/local/lib/node_modules/npm/node_modules/npm-registry-client/lib/request.js:198:65)
30 verbose stack     at Request.self.callback (/usr/local/lib/node_modules/npm/node_modules/request/request.js:236:22)
30 verbose stack     at Request.emit (events.js:98:17)
30 verbose stack     at Request.<anonymous> (/usr/local/lib/node_modules/npm/node_modules/request/request.js:1142:14)
30 verbose stack     at Request.emit (events.js:117:20)
30 verbose stack     at IncomingMessage.<anonymous> (/usr/local/lib/node_modules/npm/node_modules/request/request.js:1096:12)
30 verbose stack     at IncomingMessage.emit (events.js:117:20)
30 verbose stack     at _stream_readable.js:943:16
30 verbose stack     at process._tickCallback (node.js:419:13)
31 verbose statusCode 404
32 verbose pkgid body-parse
33 verbose cwd /Users/mxing/Desktop/MakeSchool/TaskTag
34 error Darwin 13.4.0
35 error argv "node" "/usr/local/bin/npm" "install" "body-parse@1.0.2" "--save"
36 error node v0.10.32
37 error npm  v2.0.0
38 error code E404
39 error 404 Not Found: body-parse
39 error 404
39 error 404 'body-parse' is not in the npm registry.
39 error 404 You should bug the author to publish it (or use the name yourself!)
39 error 404 It was specified as a dependency of 'TaskTagServer'
39 error 404
39 error 404 Note that you can also install from a
39 error 404 tarball, folder, http url, or git url.
40 verbose exit [ 1, true ]
